<?xml version="1.0" encoding="UTF-8"?>
<!-- Generated by org.testng.reporters.JUnitReportReporter -->
<testsuite hostname="Shahroses-MBP.fios-router.home" failures="0" tests="2" name="End.validationTitle" time="0.424" errors="0" timestamp="2021-07-11T13:43:04 EDT" skipped="0">
  <testcase classname="End.validationTitle" name="gettingHeader" time="0.134"/>
  <system-out/>
  <testcase classname="End.validationTitle" name="basenavigation" time="0.290"/>
  <system-out/>
</testsuite> <!-- End.validationTitle -->
