<?xml version="1.0" encoding="UTF-8"?>
<!-- Generated by org.testng.reporters.JUnitReportReporter -->
<testsuite hostname="Shahroses-MBP.fios-router.home" failures="0" tests="1" name="End.validationBAR" time="0.517" errors="0" timestamp="2021-07-11T13:43:04 EDT" skipped="0">
  <testcase classname="End.validationBAR" name="basenavigation" time="0.517"/>
  <system-out/>
</testsuite> <!-- End.validationBAR -->
