<?xml version="1.0" encoding="UTF-8"?>
<!-- Generated by org.testng.reporters.JUnitReportReporter -->
<testsuite hostname="Shahroses-MBP.fios-router.home" failures="0" tests="2" name="End.HomePage" time="5.415" errors="0" timestamp="2021-07-11T13:43:04 EDT" skipped="0">
  <testcase classname="End.HomePage" name="basenavigation" time="1.751"/>
  <system-out/>
  <testcase classname="End.HomePage" name="basenavigation" time="3.664"/>
  <system-out/>
</testsuite> <!-- End.HomePage -->
